Determining if the pthread_create exist failed with the following output:
Change Dir: /home/morai/catkin_darknet/build/CMakeFiles/CMakeTmp

Run Build Command:"/usr/bin/make" "cmTC_247b3/fast"
/usr/bin/make -f CMakeFiles/cmTC_247b3.dir/build.make CMakeFiles/cmTC_247b3.dir/build
make[1]: Entering directory '/home/morai/catkin_darknet/build/CMakeFiles/CMakeTmp'
Building C object CMakeFiles/cmTC_247b3.dir/CheckSymbolExists.c.o
/usr/bin/cc    -o CMakeFiles/cmTC_247b3.dir/CheckSymbolExists.c.o   -c /home/morai/catkin_darknet/build/CMakeFiles/CMakeTmp/CheckSymbolExists.c
Linking C executable cmTC_247b3
/usr/bin/cmake -E cmake_link_script CMakeFiles/cmTC_247b3.dir/link.txt --verbose=1
/usr/bin/cc      -rdynamic CMakeFiles/cmTC_247b3.dir/CheckSymbolExists.c.o  -o cmTC_247b3 
CMakeFiles/cmTC_247b3.dir/CheckSymbolExists.c.o: In function `main':
CheckSymbolExists.c:(.text+0x1b): undefined reference to `pthread_create'
collect2: error: ld returned 1 exit status
CMakeFiles/cmTC_247b3.dir/build.make:97: recipe for target 'cmTC_247b3' failed
make[1]: *** [cmTC_247b3] Error 1
make[1]: Leaving directory '/home/morai/catkin_darknet/build/CMakeFiles/CMakeTmp'
Makefile:126: recipe for target 'cmTC_247b3/fast' failed
make: *** [cmTC_247b3/fast] Error 2

File /home/morai/catkin_darknet/build/CMakeFiles/CMakeTmp/CheckSymbolExists.c:
/* */
#include <pthread.h>

int main(int argc, char** argv)
{
  (void)argv;
#ifndef pthread_create
  return ((int*)(&pthread_create))[argc];
#else
  (void)argc;
  return 0;
#endif
}

Determining if the function pthread_create exists in the pthreads failed with the following output:
Change Dir: /home/morai/catkin_darknet/build/CMakeFiles/CMakeTmp

Run Build Command:"/usr/bin/make" "cmTC_fa05a/fast"
/usr/bin/make -f CMakeFiles/cmTC_fa05a.dir/build.make CMakeFiles/cmTC_fa05a.dir/build
make[1]: Entering directory '/home/morai/catkin_darknet/build/CMakeFiles/CMakeTmp'
Building C object CMakeFiles/cmTC_fa05a.dir/CheckFunctionExists.c.o
/usr/bin/cc   -DCHECK_FUNCTION_EXISTS=pthread_create   -o CMakeFiles/cmTC_fa05a.dir/CheckFunctionExists.c.o   -c /usr/share/cmake-3.10/Modules/CheckFunctionExists.c
Linking C executable cmTC_fa05a
/usr/bin/cmake -E cmake_link_script CMakeFiles/cmTC_fa05a.dir/link.txt --verbose=1
/usr/bin/cc  -DCHECK_FUNCTION_EXISTS=pthread_create    -rdynamic CMakeFiles/cmTC_fa05a.dir/CheckFunctionExists.c.o  -o cmTC_fa05a -lpthreads 
/usr/bin/ld: cannot find -lpthreads
collect2: error: ld returned 1 exit status
CMakeFiles/cmTC_fa05a.dir/build.make:97: recipe for target 'cmTC_fa05a' failed
make[1]: *** [cmTC_fa05a] Error 1
make[1]: Leaving directory '/home/morai/catkin_darknet/build/CMakeFiles/CMakeTmp'
Makefile:126: recipe for target 'cmTC_fa05a/fast' failed
make: *** [cmTC_fa05a/fast] Error 2


